android/build/outputs/logs/manifest-merger-debug-report.txt
-- Merging decision tree log ---
manifest
ADDED from xpboost\android\AndroidManifest.xml:2:1-41:12
	package
		ADDED from xpboost\android\AndroidManifest.xml:3:11-38
		INJECTED from xpboost\android\AndroidManifest.xml
		INJECTED from xpboost\android\AndroidManifest.xml
	android:versionName
		ADDED from xpboost\android\AndroidManifest.xml:5:11-36
		INJECTED from xpboost\android\AndroidManifest.xml
		INJECTED from xpboost\android\AndroidManifest.xml
	android:versionCode
		ADDED from xpboost\android\AndroidManifest.xml:4:11-34
		INJECTED from xpboost\android\AndroidManifest.xml
		INJECTED from xpboost\android\AndroidManifest.xml
	xmlns:android
		ADDED from xpboost\android\AndroidManifest.xml:2:11-69
uses-sdk
ADDED from xpboost\android\AndroidManifest.xml:7:5-9:40
MERGED from [com.google.android.gms:play-services-ads:8.4.0] AndroidManifest.xml:23:5-42
MERGED from [com.google.android.gms:play-services-basement:8.4.0] AndroidManifest.xml:18:5-42
MERGED from [com.android.support:support-v4:23.0.1] AndroidManifest.xml:20:5-43
MERGED from [xpboost:BaseGameUtils:1.0] AndroidManifest.xml:22:5-24:41
MERGED from [com.android.support:appcompat-v7:23.0.1] AndroidManifest.xml:20:5-43
MERGED from [com.google.android.gms:play-services-games:8.4.0] AndroidManifest.xml:18:5-42
MERGED from [com.google.android.gms:play-services-base:8.4.0] AndroidManifest.xml:18:5-42
MERGED from [com.google.android.gms:play-services-drive:8.4.0] AndroidManifest.xml:18:5-42
MERGED from [com.google.android.gms:play-services-plus:8.4.0] AndroidManifest.xml:18:5-42
	android:targetSdkVersion
		ADDED from xpboost\android\AndroidManifest.xml:9:9-38
		INJECTED from xpboost\android\AndroidManifest.xml
		INJECTED from xpboost\android\AndroidManifest.xml
	android:minSdkVersion
		ADDED from xpboost\android\AndroidManifest.xml:8:9-35
		INJECTED from xpboost\android\AndroidManifest.xml
		INJECTED from xpboost\android\AndroidManifest.xml
uses-permission#android.permission.INTERNET
ADDED from xpboost\android\AndroidManifest.xml:11:5-66
MERGED from [com.google.android.gms:play-services-ads:8.4.0] AndroidManifest.xml:20:5-66
	android:name
		ADDED from xpboost\android\AndroidManifest.xml:11:22-64
uses-permission#android.permission.ACCESS_NETWORK_STATE
ADDED from xpboost\android\AndroidManifest.xml:12:5-78
MERGED from [com.google.android.gms:play-services-ads:8.4.0] AndroidManifest.xml:21:5-78
	android:name
		ADDED from xpboost\android\AndroidManifest.xml:12:22-76
application
ADDED from xpboost\android\AndroidManifest.xml:14:5-39:19
MERGED from [com.google.android.gms:play-services-ads:8.4.0] AndroidManifest.xml:24:5-32:19
MERGED from [com.google.android.gms:play-services-basement:8.4.0] AndroidManifest.xml:20:5-24:19
MERGED from [com.android.support:support-v4:23.0.1] AndroidManifest.xml:22:5-20
MERGED from [xpboost:BaseGameUtils:1.0] AndroidManifest.xml:26:5-30:19
MERGED from [com.android.support:appcompat-v7:23.0.1] AndroidManifest.xml:22:5-20
MERGED from [com.google.android.gms:play-services-games:8.4.0] AndroidManifest.xml:19:5-20
MERGED from [com.google.android.gms:play-services-drive:8.4.0] AndroidManifest.xml:19:5-20
MERGED from [com.google.android.gms:play-services-plus:8.4.0] AndroidManifest.xml:19:5-20
	android:label
		ADDED from xpboost\android\AndroidManifest.xml:17:9-41
	android:allowBackup
		ADDED from xpboost\android\AndroidManifest.xml:15:9-35
	android:icon
		ADDED from xpboost\android\AndroidManifest.xml:16:9-45
	android:theme
		ADDED from xpboost\android\AndroidManifest.xml:18:9-40
meta-data#com.google.android.gms.games.APP_ID
ADDED from xpboost\android\AndroidManifest.xml:19:9-21:45
	android:value
		ADDED from xpboost\android\AndroidManifest.xml:21:13-43
	android:name
		ADDED from xpboost\android\AndroidManifest.xml:20:13-63
meta-data#com.google.android.gms.version
ADDED from xpboost\android\AndroidManifest.xml:22:9-24:68
MERGED from [com.google.android.gms:play-services-basement:8.4.0] AndroidManifest.xml:21:9-23:69
	android:value
		ADDED from xpboost\android\AndroidManifest.xml:24:13-66
	android:name
		ADDED from xpboost\android\AndroidManifest.xml:23:13-58
activity#com.ady.xpbooster.AndroidLauncher
ADDED from xpboost\android\AndroidManifest.xml:26:9-35:20
	android:screenOrientation
		ADDED from xpboost\android\AndroidManifest.xml:30:13-49
	android:label
		ADDED from xpboost\android\AndroidManifest.xml:29:13-45
	android:configChanges
		ADDED from xpboost\android\AndroidManifest.xml:28:13-83
	android:name
		ADDED from xpboost\android\AndroidManifest.xml:27:13-61
intent-filter#android.intent.action.MAIN+android.intent.category.LAUNCHER
ADDED from xpboost\android\AndroidManifest.xml:31:13-34:29
action#android.intent.action.MAIN
ADDED from xpboost\android\AndroidManifest.xml:32:17-68
	android:name
		ADDED from xpboost\android\AndroidManifest.xml:32:25-66
category#android.intent.category.LAUNCHER
ADDED from xpboost\android\AndroidManifest.xml:33:17-76
	android:name
		ADDED from xpboost\android\AndroidManifest.xml:33:27-74
activity#com.google.android.gms.ads.AdActivity
ADDED from xpboost\android\AndroidManifest.xml:36:9-38:124
MERGED from [com.google.android.gms:play-services-ads:8.4.0] AndroidManifest.xml:26:9-29:64
	android:configChanges
		ADDED from xpboost\android\AndroidManifest.xml:38:13-122
	android:theme
		ADDED from [com.google.android.gms:play-services-ads:8.4.0] AndroidManifest.xml:29:13-61
	android:name
		ADDED from xpboost\android\AndroidManifest.xml:37:13-65
activity#com.google.android.gms.ads.purchase.InAppPurchaseActivity
ADDED from [com.google.android.gms:play-services-ads:8.4.0] AndroidManifest.xml:30:9-31:52
	android:theme
		ADDED from [com.google.android.gms:play-services-ads:8.4.0] AndroidManifest.xml:31:13-50
	android:name
		ADDED from [com.google.android.gms:play-services-ads:8.4.0] AndroidManifest.xml:30:19-91
meta-data#unityplayer.ForwardNativeEventsToDalvik
ADDED from [xpboost:BaseGameUtils:1.0] AndroidManifest.xml:27:9-29:36
	android:value
		ADDED from [xpboost:BaseGameUtils:1.0] AndroidManifest.xml:29:13-33
	android:name
		ADDED from [xpboost:BaseGameUtils:1.0] AndroidManifest.xml:28:13-67